d:\git\personal\c++14\leetcode\debug\vc120.pdb
d:\git\personal\c++14\leetcode\debug\vc120.idb
d:\git\personal\c++14\leetcode\debug\3sum.obj
d:\git\personal\c++14\leetcode\debug\besttimetobuyandsellstock.obj
d:\git\personal\c++14\leetcode\debug\besttimetobuyandsellstockii.obj
d:\git\personal\c++14\leetcode\debug\lettercombinationsofaphonenumber.obj
d:\git\personal\c++14\leetcode\debug\longestpalindromicsubstring.obj
d:\git\personal\c++14\leetcode\debug\main.obj
d:\git\personal\c++14\leetcode\debug\balancedbinarytree.obj
d:\git\personal\c++14\leetcode\debug\excelsheetcolumntitle.obj
d:\git\personal\c++14\leetcode\debug\intersectionoftwolinkedlists.obj
d:\git\personal\c++14\leetcode\debug\minstack.obj
d:\git\personal\c++14\leetcode\debug\palindromenumber.obj
d:\git\personal\c++14\leetcode\debug\removenthelementfromlast.obj
d:\git\personal\c++14\leetcode\debug\reverseinteger.obj
d:\git\personal\c++14\leetcode\debug\stringtointeger.obj
d:\git\personal\c++14\leetcode\debug\wordladder.obj
d:\git\personal\c++14\leetcode\debug\zigzagconversion.obj
d:\git\personal\c++14\leetcode\debug\leetcode.ilk
d:\git\personal\c++14\leetcode\debug\leetcode.exe
d:\git\personal\c++14\leetcode\debug\leetcode.pdb
d:\git\personal\c++14\leetcode\debug\leetcode.tlog\cl.command.1.tlog
d:\git\personal\c++14\leetcode\debug\leetcode.tlog\cl.read.1.tlog
d:\git\personal\c++14\leetcode\debug\leetcode.tlog\cl.write.1.tlog
d:\git\personal\c++14\leetcode\debug\leetcode.tlog\link.command.1.tlog
d:\git\personal\c++14\leetcode\debug\leetcode.tlog\link.read.1.tlog
d:\git\personal\c++14\leetcode\debug\leetcode.tlog\link.write.1.tlog
